This is MetaPost, version 1.504 (kpathsea version 6.1.0)  11 JUN 2013 18:31
**../mpost/cpp-object-model.mp
(mpost.mp (/usr/share/texlive/texmf-dist/metapost/base/plain.mp
Preloading the plain mem file, version 1.004))
(../mpost/../mpost/cpp-object-model.mp
(/usr/share/texlive/texmf-dist/metapost/base/boxes.mp) [1
Warning: The character 11 cannot be output in SVG unless prologues:=3;
] [2
Warning: The character 11 cannot be output in SVG unless prologues:=3;
] [3
Warning: The character 11 cannot be output in SVG unless prologues:=3;
] [4
Warning: The character 11 cannot be output in SVG unless prologues:=3;
] [5
Warning: The character 11 cannot be output in SVG unless prologues:=3;
] [6
Warning: The character 0 cannot be output in SVG unless prologues:=3;
Warning: The character 11 cannot be output in SVG unless prologues:=3;
Warning: The character 11 cannot be output in SVG unless prologues:=3;
] [7] [8
Warning: The character 11 cannot be output in SVG unless prologues:=3;
] [9
Warning: The character 11 cannot be output in SVG unless prologues:=3;
] [10
Warning: The character 11 cannot be output in SVG unless prologues:=3;
Warning: The character 11 cannot be output in SVG unless prologues:=3;
] [11
Warning: The character 11 cannot be output in SVG unless prologues:=3;
] [12
Warning: The character 11 cannot be output in SVG unless prologues:=3;
] [13
Warning: The character 0 cannot be output in SVG unless prologues:=3;
Warning: The character 0 cannot be output in SVG unless prologues:=3;
Warning: The character 11 cannot be output in SVG unless prologues:=3;
Warning: The character 11 cannot be output in SVG unless prologues:=3;
Warning: The character 11 cannot be output in SVG unless prologues:=3;
Warning: The character 0 cannot be output in SVG unless prologues:=3;
Warning: The character 0 cannot be output in SVG unless prologues:=3;
Warning: The character 0 cannot be output in SVG unless prologues:=3;
Warning: The character 0 cannot be output in SVG unless prologues:=3;
] [14
Warning: The character 11 cannot be output in SVG unless prologues:=3;
] [15
Warning: The character 11 cannot be output in SVG unless prologues:=3;
] [16
Warning: The character 0 cannot be output in SVG unless prologues:=3;
Warning: The character 11 cannot be output in SVG unless prologues:=3;
Warning: The character 11 cannot be output in SVG unless prologues:=3;
] [17
Warning: The character 0 cannot be output in SVG unless prologues:=3;
Warning: The character 0 cannot be output in SVG unless prologues:=3;
Warning: The character 11 cannot be output in SVG unless prologues:=3;
Warning: The character 11 cannot be output in SVG unless prologues:=3;
] )
17 output files written: cpp-object-model-1.svg .. cpp-object-model-17.svg

